{"H:\\Hacktiv8\\final_project\\server-all\\app.js": {"path":"H:\\Hacktiv8\\final_project\\server-all\\app.js","statementMap":{"0":{"start":{"line":5,"column":16},"end":{"line":5,"column":34}},"1":{"start":{"line":6,"column":12},"end":{"line":6,"column":21}},"2":{"start":{"line":7,"column":13},"end":{"line":7,"column":37}},"3":{"start":{"line":8,"column":15},"end":{"line":8,"column":42}},"4":{"start":{"line":9,"column":13},"end":{"line":9,"column":28}},"5":{"start":{"line":10,"column":21},"end":{"line":10,"column":58}},"6":{"start":{"line":12,"column":0},"end":{"line":12,"column":16}},"7":{"start":{"line":13,"column":0},"end":{"line":13,"column":48}},"8":{"start":{"line":14,"column":0},"end":{"line":14,"column":24}},"9":{"start":{"line":16,"column":0},"end":{"line":16,"column":21}},"10":{"start":{"line":17,"column":0},"end":{"line":17,"column":22}},"11":{"start":{"line":29,"column":0},"end":{"line":29,"column":21}}},"fnMap":{},"branchMap":{"0":{"loc":{"start":{"line":7,"column":13},"end":{"line":7,"column":37}},"type":"binary-expr","locations":[{"start":{"line":7,"column":13},"end":{"line":7,"column":29}},{"start":{"line":7,"column":33},"end":{"line":7,"column":37}}],"line":7}},"s":{"0":5,"1":5,"2":5,"3":5,"4":5,"5":5,"6":5,"7":5,"8":5,"9":5,"10":5,"11":5},"f":{},"b":{"0":[5,5]},"_coverageSchema":"1a1c01bbd47fc00a2c39e90264f33305004495a9","hash":"f1d6787414fc3cb22704d9fb93c452afd26d85de"}
,"H:\\Hacktiv8\\final_project\\server-all\\controllers\\DoctorController.js": {"path":"H:\\Hacktiv8\\final_project\\server-all\\controllers\\DoctorController.js","statementMap":{"0":{"start":{"line":1,"column":19},"end":{"line":1,"column":45}},"1":{"start":{"line":2,"column":28},"end":{"line":2,"column":56}},"2":{"start":{"line":3,"column":22},"end":{"line":3,"column":47}},"3":{"start":{"line":7,"column":4},"end":{"line":29,"column":5}},"4":{"start":{"line":8,"column":33},"end":{"line":8,"column":41}},"5":{"start":{"line":9,"column":22},"end":{"line":12,"column":7}},"6":{"start":{"line":13,"column":21},"end":{"line":13,"column":76}},"7":{"start":{"line":14,"column":6},"end":{"line":26,"column":7}},"8":{"start":{"line":15,"column":8},"end":{"line":15,"column":64}},"9":{"start":{"line":16,"column":13},"end":{"line":26,"column":7}},"10":{"start":{"line":17,"column":8},"end":{"line":17,"column":64}},"11":{"start":{"line":19,"column":29},"end":{"line":22,"column":10}},"12":{"start":{"line":23,"column":8},"end":{"line":25,"column":68}},"13":{"start":{"line":28,"column":6},"end":{"line":28,"column":16}},"14":{"start":{"line":33,"column":4},"end":{"line":42,"column":5}},"15":{"start":{"line":34,"column":19},"end":{"line":34,"column":42}},"16":{"start":{"line":35,"column":21},"end":{"line":38,"column":8}},"17":{"start":{"line":39,"column":6},"end":{"line":39,"column":35}},"18":{"start":{"line":41,"column":6},"end":{"line":41,"column":16}},"19":{"start":{"line":46,"column":0},"end":{"line":46,"column":34}}},"fnMap":{"0":{"name":"(anonymous_0)","decl":{"start":{"line":6,"column":2},"end":{"line":6,"column":3}},"loc":{"start":{"line":6,"column":43},"end":{"line":30,"column":3}},"line":6},"1":{"name":"(anonymous_1)","decl":{"start":{"line":32,"column":2},"end":{"line":32,"column":3}},"loc":{"start":{"line":32,"column":44},"end":{"line":43,"column":3}},"line":32}},"branchMap":{"0":{"loc":{"start":{"line":14,"column":6},"end":{"line":26,"column":7}},"type":"if","locations":[{"start":{"line":14,"column":6},"end":{"line":26,"column":7}},{"start":{"line":14,"column":6},"end":{"line":26,"column":7}}],"line":14},"1":{"loc":{"start":{"line":16,"column":13},"end":{"line":26,"column":7}},"type":"if","locations":[{"start":{"line":16,"column":13},"end":{"line":26,"column":7}},{"start":{"line":16,"column":13},"end":{"line":26,"column":7}}],"line":16}},"s":{"0":5,"1":5,"2":5,"3":4,"4":4,"5":4,"6":4,"7":4,"8":2,"9":2,"10":0,"11":2,"12":2,"13":2,"14":1,"15":1,"16":1,"17":1,"18":0,"19":5},"f":{"0":4,"1":1},"b":{"0":[2,2],"1":[0,2]},"_coverageSchema":"1a1c01bbd47fc00a2c39e90264f33305004495a9","hash":"bde1095c746b78077fd1bb094e4329be527e46ce"}
,"H:\\Hacktiv8\\final_project\\server-all\\controllers\\HospitalController.js": {"path":"H:\\Hacktiv8\\final_project\\server-all\\controllers\\HospitalController.js","statementMap":{"0":{"start":{"line":1,"column":58},"end":{"line":1,"column":84}},"1":{"start":{"line":2,"column":28},"end":{"line":2,"column":56}},"2":{"start":{"line":3,"column":22},"end":{"line":3,"column":47}},"3":{"start":{"line":8,"column":20},"end":{"line":11,"column":5}},"4":{"start":{"line":12,"column":4},"end":{"line":35,"column":5}},"5":{"start":{"line":13,"column":19},"end":{"line":15,"column":8}},"6":{"start":{"line":16,"column":6},"end":{"line":32,"column":7}},"7":{"start":{"line":17,"column":8},"end":{"line":17,"column":64}},"8":{"start":{"line":18,"column":13},"end":{"line":32,"column":7}},"9":{"start":{"line":19,"column":8},"end":{"line":19,"column":64}},"10":{"start":{"line":21,"column":29},"end":{"line":25,"column":10}},"11":{"start":{"line":26,"column":24},"end":{"line":30,"column":9}},"12":{"start":{"line":31,"column":8},"end":{"line":31,"column":38}},"13":{"start":{"line":34,"column":6},"end":{"line":34,"column":16}},"14":{"start":{"line":39,"column":4},"end":{"line":48,"column":5}},"15":{"start":{"line":40,"column":19},"end":{"line":44,"column":8}},"16":{"start":{"line":45,"column":6},"end":{"line":45,"column":33}},"17":{"start":{"line":47,"column":6},"end":{"line":47,"column":16}},"18":{"start":{"line":52,"column":4},"end":{"line":75,"column":5}},"19":{"start":{"line":53,"column":19},"end":{"line":58,"column":8}},"20":{"start":{"line":59,"column":23},"end":{"line":59,"column":25}},"21":{"start":{"line":60,"column":6},"end":{"line":70,"column":9}},"22":{"start":{"line":61,"column":19},"end":{"line":61,"column":24}},"23":{"start":{"line":62,"column":8},"end":{"line":66,"column":9}},"24":{"start":{"line":62,"column":20},"end":{"line":62,"column":21}},"25":{"start":{"line":63,"column":10},"end":{"line":65,"column":11}},"26":{"start":{"line":64,"column":12},"end":{"line":64,"column":23}},"27":{"start":{"line":67,"column":8},"end":{"line":69,"column":9}},"28":{"start":{"line":68,"column":10},"end":{"line":68,"column":35}},"29":{"start":{"line":72,"column":6},"end":{"line":72,"column":36}},"30":{"start":{"line":74,"column":6},"end":{"line":74,"column":15}},"31":{"start":{"line":79,"column":0},"end":{"line":79,"column":36}}},"fnMap":{"0":{"name":"(anonymous_0)","decl":{"start":{"line":7,"column":2},"end":{"line":7,"column":3}},"loc":{"start":{"line":7,"column":45},"end":{"line":36,"column":3}},"line":7},"1":{"name":"(anonymous_1)","decl":{"start":{"line":38,"column":2},"end":{"line":38,"column":3}},"loc":{"start":{"line":38,"column":51},"end":{"line":49,"column":3}},"line":38},"2":{"name":"(anonymous_2)","decl":{"start":{"line":51,"column":2},"end":{"line":51,"column":3}},"loc":{"start":{"line":51,"column":48},"end":{"line":76,"column":3}},"line":51},"3":{"name":"(anonymous_3)","decl":{"start":{"line":60,"column":19},"end":{"line":60,"column":20}},"loc":{"start":{"line":60,"column":25},"end":{"line":70,"column":7}},"line":60}},"branchMap":{"0":{"loc":{"start":{"line":16,"column":6},"end":{"line":32,"column":7}},"type":"if","locations":[{"start":{"line":16,"column":6},"end":{"line":32,"column":7}},{"start":{"line":16,"column":6},"end":{"line":32,"column":7}}],"line":16},"1":{"loc":{"start":{"line":18,"column":13},"end":{"line":32,"column":7}},"type":"if","locations":[{"start":{"line":18,"column":13},"end":{"line":32,"column":7}},{"start":{"line":18,"column":13},"end":{"line":32,"column":7}}],"line":18},"2":{"loc":{"start":{"line":63,"column":10},"end":{"line":65,"column":11}},"type":"if","locations":[{"start":{"line":63,"column":10},"end":{"line":65,"column":11}},{"start":{"line":63,"column":10},"end":{"line":65,"column":11}}],"line":63},"3":{"loc":{"start":{"line":67,"column":8},"end":{"line":69,"column":9}},"type":"if","locations":[{"start":{"line":67,"column":8},"end":{"line":69,"column":9}},{"start":{"line":67,"column":8},"end":{"line":69,"column":9}}],"line":67}},"s":{"0":5,"1":5,"2":5,"3":5,"4":5,"5":5,"6":5,"7":1,"8":4,"9":1,"10":3,"11":3,"12":3,"13":2,"14":1,"15":1,"16":1,"17":0,"18":0,"19":0,"20":0,"21":0,"22":0,"23":0,"24":0,"25":0,"26":0,"27":0,"28":0,"29":0,"30":0,"31":5},"f":{"0":5,"1":1,"2":0,"3":0},"b":{"0":[1,4],"1":[1,3],"2":[0,0],"3":[0,0]},"_coverageSchema":"1a1c01bbd47fc00a2c39e90264f33305004495a9","hash":"363757e1382272d26d1b2bbcafe9e6d24d2a53a7"}
,"H:\\Hacktiv8\\final_project\\server-all\\controllers\\HospitalRecordController.js": {"path":"H:\\Hacktiv8\\final_project\\server-all\\controllers\\HospitalRecordController.js","statementMap":{"0":{"start":{"line":1,"column":36},"end":{"line":1,"column":62}},"1":{"start":{"line":7,"column":61},"end":{"line":7,"column":69}},"2":{"start":{"line":8,"column":4},"end":{"line":19,"column":5}},"3":{"start":{"line":9,"column":21},"end":{"line":15,"column":8}},"4":{"start":{"line":16,"column":6},"end":{"line":16,"column":36}},"5":{"start":{"line":18,"column":6},"end":{"line":18,"column":16}},"6":{"start":{"line":23,"column":15},"end":{"line":23,"column":29}},"7":{"start":{"line":24,"column":4},"end":{"line":24,"column":19}},"8":{"start":{"line":26,"column":4},"end":{"line":36,"column":5}},"9":{"start":{"line":27,"column":19},"end":{"line":32,"column":8}},"10":{"start":{"line":33,"column":6},"end":{"line":33,"column":32}},"11":{"start":{"line":35,"column":6},"end":{"line":35,"column":16}},"12":{"start":{"line":40,"column":15},"end":{"line":40,"column":28}},"13":{"start":{"line":41,"column":4},"end":{"line":51,"column":5}},"14":{"start":{"line":42,"column":21},"end":{"line":46,"column":8}},"15":{"start":{"line":47,"column":6},"end":{"line":47,"column":67}},"16":{"start":{"line":50,"column":6},"end":{"line":50,"column":15}},"17":{"start":{"line":55,"column":0},"end":{"line":55,"column":42}}},"fnMap":{"0":{"name":"(anonymous_0)","decl":{"start":{"line":5,"column":2},"end":{"line":5,"column":3}},"loc":{"start":{"line":5,"column":49},"end":{"line":20,"column":3}},"line":5},"1":{"name":"(anonymous_1)","decl":{"start":{"line":22,"column":2},"end":{"line":22,"column":3}},"loc":{"start":{"line":22,"column":54},"end":{"line":37,"column":3}},"line":22},"2":{"name":"(anonymous_2)","decl":{"start":{"line":39,"column":2},"end":{"line":39,"column":3}},"loc":{"start":{"line":39,"column":52},"end":{"line":52,"column":3}},"line":39}},"branchMap":{},"s":{"0":5,"1":3,"2":3,"3":3,"4":1,"5":2,"6":0,"7":0,"8":0,"9":0,"10":0,"11":0,"12":1,"13":1,"14":1,"15":1,"16":0,"17":5},"f":{"0":3,"1":0,"2":1},"b":{},"_coverageSchema":"1a1c01bbd47fc00a2c39e90264f33305004495a9","hash":"76eb50e1d69f1a99c9c3dc072549d173a84e6350"}
,"H:\\Hacktiv8\\final_project\\server-all\\controllers\\MedicalRecordController.js": {"path":"H:\\Hacktiv8\\final_project\\server-all\\controllers\\MedicalRecordController.js","statementMap":{"0":{"start":{"line":1,"column":35},"end":{"line":1,"column":61}},"1":{"start":{"line":5,"column":4},"end":{"line":28,"column":5}},"2":{"start":{"line":13,"column":10},"end":{"line":13,"column":18}},"3":{"start":{"line":14,"column":23},"end":{"line":14,"column":44}},"4":{"start":{"line":15,"column":29},"end":{"line":23,"column":7}},"5":{"start":{"line":24,"column":28},"end":{"line":24,"column":72}},"6":{"start":{"line":25,"column":6},"end":{"line":25,"column":42}},"7":{"start":{"line":27,"column":6},"end":{"line":27,"column":16}},"8":{"start":{"line":32,"column":4},"end":{"line":43,"column":5}},"9":{"start":{"line":33,"column":28},"end":{"line":33,"column":36}},"10":{"start":{"line":34,"column":23},"end":{"line":34,"column":44}},"11":{"start":{"line":35,"column":29},"end":{"line":39,"column":8}},"12":{"start":{"line":40,"column":6},"end":{"line":40,"column":43}},"13":{"start":{"line":42,"column":6},"end":{"line":42,"column":16}},"14":{"start":{"line":47,"column":4},"end":{"line":67,"column":5}},"15":{"start":{"line":48,"column":15},"end":{"line":48,"column":29}},"16":{"start":{"line":49,"column":68},"end":{"line":49,"column":76}},"17":{"start":{"line":50,"column":29},"end":{"line":56,"column":7}},"18":{"start":{"line":57,"column":35},"end":{"line":63,"column":7}},"19":{"start":{"line":64,"column":6},"end":{"line":64,"column":55}},"20":{"start":{"line":66,"column":6},"end":{"line":66,"column":16}},"21":{"start":{"line":71,"column":4},"end":{"line":81,"column":5}},"22":{"start":{"line":72,"column":15},"end":{"line":72,"column":29}},"23":{"start":{"line":73,"column":35},"end":{"line":75,"column":8}},"24":{"start":{"line":76,"column":6},"end":{"line":78,"column":9}},"25":{"start":{"line":80,"column":6},"end":{"line":80,"column":16}},"26":{"start":{"line":85,"column":0},"end":{"line":85,"column":41}}},"fnMap":{"0":{"name":"(anonymous_0)","decl":{"start":{"line":4,"column":2},"end":{"line":4,"column":3}},"loc":{"start":{"line":4,"column":48},"end":{"line":29,"column":3}},"line":4},"1":{"name":"(anonymous_1)","decl":{"start":{"line":31,"column":2},"end":{"line":31,"column":3}},"loc":{"start":{"line":31,"column":48},"end":{"line":44,"column":3}},"line":31},"2":{"name":"(anonymous_2)","decl":{"start":{"line":46,"column":2},"end":{"line":46,"column":3}},"loc":{"start":{"line":46,"column":49},"end":{"line":68,"column":3}},"line":46},"3":{"name":"(anonymous_3)","decl":{"start":{"line":70,"column":2},"end":{"line":70,"column":3}},"loc":{"start":{"line":70,"column":51},"end":{"line":82,"column":3}},"line":70}},"branchMap":{},"s":{"0":5,"1":5,"2":5,"3":5,"4":5,"5":5,"6":1,"7":4,"8":1,"9":1,"10":1,"11":1,"12":1,"13":0,"14":4,"15":4,"16":4,"17":4,"18":4,"19":1,"20":3,"21":1,"22":1,"23":1,"24":1,"25":0,"26":5},"f":{"0":5,"1":1,"2":4,"3":1},"b":{},"_coverageSchema":"1a1c01bbd47fc00a2c39e90264f33305004495a9","hash":"e3c5914f5662e59e42c1b7c8e4f6edc57326e1f3"}
,"H:\\Hacktiv8\\final_project\\server-all\\controllers\\PatientController.js": {"path":"H:\\Hacktiv8\\final_project\\server-all\\controllers\\PatientController.js","statementMap":{"0":{"start":{"line":1,"column":51},"end":{"line":1,"column":77}},"1":{"start":{"line":2,"column":22},"end":{"line":2,"column":47}},"2":{"start":{"line":7,"column":4},"end":{"line":27,"column":5}},"3":{"start":{"line":8,"column":19},"end":{"line":8,"column":27}},"4":{"start":{"line":9,"column":21},"end":{"line":13,"column":8}},"5":{"start":{"line":15,"column":6},"end":{"line":24,"column":7}},"6":{"start":{"line":16,"column":8},"end":{"line":16,"column":74}},"7":{"start":{"line":18,"column":29},"end":{"line":22,"column":10}},"8":{"start":{"line":23,"column":8},"end":{"line":23,"column":44}},"9":{"start":{"line":26,"column":6},"end":{"line":26,"column":16}},"10":{"start":{"line":31,"column":4},"end":{"line":40,"column":5}},"11":{"start":{"line":32,"column":22},"end":{"line":32,"column":41}},"12":{"start":{"line":33,"column":26},"end":{"line":36,"column":8}},"13":{"start":{"line":37,"column":8},"end":{"line":37,"column":43}},"14":{"start":{"line":39,"column":6},"end":{"line":39,"column":15}},"15":{"start":{"line":45,"column":0},"end":{"line":45,"column":35}}},"fnMap":{"0":{"name":"(anonymous_0)","decl":{"start":{"line":6,"column":2},"end":{"line":6,"column":3}},"loc":{"start":{"line":6,"column":44},"end":{"line":28,"column":3}},"line":6},"1":{"name":"(anonymous_1)","decl":{"start":{"line":30,"column":2},"end":{"line":30,"column":3}},"loc":{"start":{"line":30,"column":43},"end":{"line":41,"column":3}},"line":30}},"branchMap":{"0":{"loc":{"start":{"line":15,"column":6},"end":{"line":24,"column":7}},"type":"if","locations":[{"start":{"line":15,"column":6},"end":{"line":24,"column":7}},{"start":{"line":15,"column":6},"end":{"line":24,"column":7}}],"line":15}},"s":{"0":5,"1":5,"2":5,"3":5,"4":5,"5":5,"6":3,"7":2,"8":2,"9":3,"10":1,"11":1,"12":1,"13":1,"14":0,"15":5},"f":{"0":5,"1":1},"b":{"0":[3,2]},"_coverageSchema":"1a1c01bbd47fc00a2c39e90264f33305004495a9","hash":"b3909d0a331d9e69af85a65ca4dfa497389d7e0c"}
,"H:\\Hacktiv8\\final_project\\server-all\\helpers\\bcrypt.js": {"path":"H:\\Hacktiv8\\final_project\\server-all\\helpers\\bcrypt.js","statementMap":{"0":{"start":{"line":1,"column":15},"end":{"line":1,"column":34}},"1":{"start":{"line":4,"column":15},"end":{"line":4,"column":37}},"2":{"start":{"line":5,"column":15},"end":{"line":5,"column":46}},"3":{"start":{"line":6,"column":2},"end":{"line":6,"column":14}},"4":{"start":{"line":10,"column":2},"end":{"line":10,"column":44}},"5":{"start":{"line":13,"column":0},"end":{"line":13,"column":51}}},"fnMap":{"0":{"name":"hashPassword","decl":{"start":{"line":3,"column":9},"end":{"line":3,"column":21}},"loc":{"start":{"line":3,"column":32},"end":{"line":7,"column":1}},"line":3},"1":{"name":"comparePassword","decl":{"start":{"line":9,"column":9},"end":{"line":9,"column":24}},"loc":{"start":{"line":9,"column":41},"end":{"line":11,"column":1}},"line":9}},"branchMap":{},"s":{"0":5,"1":1,"2":1,"3":1,"4":6,"5":5},"f":{"0":1,"1":6},"b":{},"_coverageSchema":"1a1c01bbd47fc00a2c39e90264f33305004495a9","hash":"ae4f64416eefb2c50d753e3824dd9e675f07709d"}
,"H:\\Hacktiv8\\final_project\\server-all\\helpers\\jwt.js": {"path":"H:\\Hacktiv8\\final_project\\server-all\\helpers\\jwt.js","statementMap":{"0":{"start":{"line":1,"column":12},"end":{"line":1,"column":35}},"1":{"start":{"line":4,"column":16},"end":{"line":4,"column":43}},"2":{"start":{"line":5,"column":2},"end":{"line":5,"column":15}},"3":{"start":{"line":9,"column":18},"end":{"line":9,"column":52}},"4":{"start":{"line":10,"column":2},"end":{"line":10,"column":17}},"5":{"start":{"line":13,"column":0},"end":{"line":13,"column":44}}},"fnMap":{"0":{"name":"signToken","decl":{"start":{"line":3,"column":9},"end":{"line":3,"column":18}},"loc":{"start":{"line":3,"column":28},"end":{"line":6,"column":1}},"line":3},"1":{"name":"verifyToken","decl":{"start":{"line":8,"column":9},"end":{"line":8,"column":20}},"loc":{"start":{"line":8,"column":35},"end":{"line":11,"column":1}},"line":8}},"branchMap":{},"s":{"0":5,"1":8,"2":8,"3":21,"4":20,"5":5},"f":{"0":8,"1":21},"b":{},"_coverageSchema":"1a1c01bbd47fc00a2c39e90264f33305004495a9","hash":"871a2344fe62b1105e226e3c3e7c5d73aa72e7d1"}
,"H:\\Hacktiv8\\final_project\\server-all\\middlewares\\authentication.js": {"path":"H:\\Hacktiv8\\final_project\\server-all\\middlewares\\authentication.js","statementMap":{"0":{"start":{"line":1,"column":24},"end":{"line":1,"column":49}},"1":{"start":{"line":2,"column":38},"end":{"line":2,"column":64}},"2":{"start":{"line":5,"column":2},"end":{"line":22,"column":3}},"3":{"start":{"line":6,"column":29},"end":{"line":6,"column":40}},"4":{"start":{"line":7,"column":4},"end":{"line":19,"column":5}},"5":{"start":{"line":8,"column":6},"end":{"line":8,"column":59}},"6":{"start":{"line":10,"column":22},"end":{"line":10,"column":47}},"7":{"start":{"line":11,"column":23},"end":{"line":11,"column":30}},"8":{"start":{"line":12,"column":21},"end":{"line":12,"column":62}},"9":{"start":{"line":13,"column":6},"end":{"line":18,"column":7}},"10":{"start":{"line":14,"column":8},"end":{"line":14,"column":61}},"11":{"start":{"line":16,"column":8},"end":{"line":16,"column":40}},"12":{"start":{"line":17,"column":8},"end":{"line":17,"column":15}},"13":{"start":{"line":21,"column":4},"end":{"line":21,"column":14}},"14":{"start":{"line":26,"column":2},"end":{"line":44,"column":3}},"15":{"start":{"line":27,"column":29},"end":{"line":27,"column":40}},"16":{"start":{"line":28,"column":4},"end":{"line":28,"column":61}},"17":{"start":{"line":29,"column":4},"end":{"line":41,"column":5}},"18":{"start":{"line":30,"column":6},"end":{"line":30,"column":59}},"19":{"start":{"line":32,"column":22},"end":{"line":32,"column":47}},"20":{"start":{"line":33,"column":23},"end":{"line":33,"column":30}},"21":{"start":{"line":34,"column":23},"end":{"line":34,"column":66}},"22":{"start":{"line":35,"column":6},"end":{"line":40,"column":7}},"23":{"start":{"line":36,"column":8},"end":{"line":36,"column":61}},"24":{"start":{"line":38,"column":8},"end":{"line":38,"column":42}},"25":{"start":{"line":39,"column":8},"end":{"line":39,"column":15}},"26":{"start":{"line":43,"column":4},"end":{"line":43,"column":14}},"27":{"start":{"line":48,"column":2},"end":{"line":68,"column":3}},"28":{"start":{"line":49,"column":29},"end":{"line":49,"column":40}},"29":{"start":{"line":50,"column":4},"end":{"line":65,"column":5}},"30":{"start":{"line":51,"column":6},"end":{"line":51,"column":59}},"31":{"start":{"line":53,"column":22},"end":{"line":53,"column":47}},"32":{"start":{"line":54,"column":28},"end":{"line":54,"column":35}},"33":{"start":{"line":55,"column":22},"end":{"line":55,"column":80}},"34":{"start":{"line":56,"column":6},"end":{"line":56,"column":26}},"35":{"start":{"line":57,"column":6},"end":{"line":64,"column":7}},"36":{"start":{"line":58,"column":8},"end":{"line":58,"column":28}},"37":{"start":{"line":59,"column":8},"end":{"line":59,"column":61}},"38":{"start":{"line":61,"column":8},"end":{"line":61,"column":24}},"39":{"start":{"line":62,"column":8},"end":{"line":62,"column":41}},"40":{"start":{"line":63,"column":8},"end":{"line":63,"column":15}},"41":{"start":{"line":67,"column":4},"end":{"line":67,"column":14}},"42":{"start":{"line":71,"column":0},"end":{"line":71,"column":89}}},"fnMap":{"0":{"name":"authenticationDoctor","decl":{"start":{"line":4,"column":15},"end":{"line":4,"column":35}},"loc":{"start":{"line":4,"column":52},"end":{"line":23,"column":1}},"line":4},"1":{"name":"authenticationHospital","decl":{"start":{"line":25,"column":15},"end":{"line":25,"column":37}},"loc":{"start":{"line":25,"column":54},"end":{"line":45,"column":1}},"line":25},"2":{"name":"authenticationPatient","decl":{"start":{"line":47,"column":15},"end":{"line":47,"column":36}},"loc":{"start":{"line":47,"column":53},"end":{"line":69,"column":1}},"line":47}},"branchMap":{"0":{"loc":{"start":{"line":7,"column":4},"end":{"line":19,"column":5}},"type":"if","locations":[{"start":{"line":7,"column":4},"end":{"line":19,"column":5}},{"start":{"line":7,"column":4},"end":{"line":19,"column":5}}],"line":7},"1":{"loc":{"start":{"line":13,"column":6},"end":{"line":18,"column":7}},"type":"if","locations":[{"start":{"line":13,"column":6},"end":{"line":18,"column":7}},{"start":{"line":13,"column":6},"end":{"line":18,"column":7}}],"line":13},"2":{"loc":{"start":{"line":29,"column":4},"end":{"line":41,"column":5}},"type":"if","locations":[{"start":{"line":29,"column":4},"end":{"line":41,"column":5}},{"start":{"line":29,"column":4},"end":{"line":41,"column":5}}],"line":29},"3":{"loc":{"start":{"line":35,"column":6},"end":{"line":40,"column":7}},"type":"if","locations":[{"start":{"line":35,"column":6},"end":{"line":40,"column":7}},{"start":{"line":35,"column":6},"end":{"line":40,"column":7}}],"line":35},"4":{"loc":{"start":{"line":50,"column":4},"end":{"line":65,"column":5}},"type":"if","locations":[{"start":{"line":50,"column":4},"end":{"line":65,"column":5}},{"start":{"line":50,"column":4},"end":{"line":65,"column":5}}],"line":50},"5":{"loc":{"start":{"line":57,"column":6},"end":{"line":64,"column":7}},"type":"if","locations":[{"start":{"line":57,"column":6},"end":{"line":64,"column":7}},{"start":{"line":57,"column":6},"end":{"line":64,"column":7}}],"line":57}},"s":{"0":5,"1":5,"2":19,"3":19,"4":19,"5":5,"6":14,"7":14,"8":14,"9":14,"10":0,"11":14,"12":14,"13":5,"14":8,"15":8,"16":8,"17":8,"18":3,"19":5,"20":5,"21":5,"22":5,"23":0,"24":5,"25":5,"26":3,"27":3,"28":3,"29":3,"30":1,"31":2,"32":1,"33":1,"34":1,"35":1,"36":0,"37":0,"38":1,"39":1,"40":1,"41":2,"42":5},"f":{"0":19,"1":8,"2":3},"b":{"0":[5,14],"1":[0,14],"2":[3,5],"3":[0,5],"4":[1,2],"5":[0,1]},"_coverageSchema":"1a1c01bbd47fc00a2c39e90264f33305004495a9","hash":"804944537dd07c7566d13e661840ea9cec5e9958"}
,"H:\\Hacktiv8\\final_project\\server-all\\middlewares\\authorization.js": {"path":"H:\\Hacktiv8\\final_project\\server-all\\middlewares\\authorization.js","statementMap":{"0":{"start":{"line":1,"column":26},"end":{"line":1,"column":52}},"1":{"start":{"line":4,"column":2},"end":{"line":16,"column":3}},"2":{"start":{"line":5,"column":13},"end":{"line":5,"column":27}},"3":{"start":{"line":6,"column":26},"end":{"line":6,"column":58}},"4":{"start":{"line":7,"column":4},"end":{"line":13,"column":5}},"5":{"start":{"line":8,"column":6},"end":{"line":8,"column":53}},"6":{"start":{"line":9,"column":11},"end":{"line":13,"column":5}},"7":{"start":{"line":10,"column":6},"end":{"line":10,"column":13}},"8":{"start":{"line":12,"column":6},"end":{"line":12,"column":52}},"9":{"start":{"line":15,"column":4},"end":{"line":15,"column":14}},"10":{"start":{"line":19,"column":0},"end":{"line":19,"column":44}}},"fnMap":{"0":{"name":"authorizationMedicalRecord","decl":{"start":{"line":3,"column":15},"end":{"line":3,"column":41}},"loc":{"start":{"line":3,"column":58},"end":{"line":17,"column":1}},"line":3}},"branchMap":{"0":{"loc":{"start":{"line":7,"column":4},"end":{"line":13,"column":5}},"type":"if","locations":[{"start":{"line":7,"column":4},"end":{"line":13,"column":5}},{"start":{"line":7,"column":4},"end":{"line":13,"column":5}}],"line":7},"1":{"loc":{"start":{"line":9,"column":11},"end":{"line":13,"column":5}},"type":"if","locations":[{"start":{"line":9,"column":11},"end":{"line":13,"column":5}},{"start":{"line":9,"column":11},"end":{"line":13,"column":5}}],"line":9}},"s":{"0":5,"1":7,"2":7,"3":7,"4":7,"5":2,"6":5,"7":5,"8":0,"9":2,"10":5},"f":{"0":7},"b":{"0":[2,5],"1":[5,0]},"_coverageSchema":"1a1c01bbd47fc00a2c39e90264f33305004495a9","hash":"14e1afcfe52a2d604673ce82344ae04d5720717c"}
,"H:\\Hacktiv8\\final_project\\server-all\\middlewares\\errorHandler.js": {"path":"H:\\Hacktiv8\\final_project\\server-all\\middlewares\\errorHandler.js","statementMap":{"0":{"start":{"line":2,"column":15},"end":{"line":2,"column":18}},"1":{"start":{"line":3,"column":12},"end":{"line":3,"column":48}},"2":{"start":{"line":5,"column":2},"end":{"line":18,"column":3}},"3":{"start":{"line":6,"column":4},"end":{"line":6,"column":17}},"4":{"start":{"line":7,"column":17},"end":{"line":7,"column":19}},"5":{"start":{"line":8,"column":4},"end":{"line":10,"column":5}},"6":{"start":{"line":8,"column":17},"end":{"line":8,"column":18}},"7":{"start":{"line":9,"column":6},"end":{"line":9,"column":41}},"8":{"start":{"line":11,"column":4},"end":{"line":11,"column":28}},"9":{"start":{"line":12,"column":9},"end":{"line":18,"column":3}},"10":{"start":{"line":13,"column":4},"end":{"line":13,"column":17}},"11":{"start":{"line":14,"column":4},"end":{"line":14,"column":36}},"12":{"start":{"line":16,"column":4},"end":{"line":16,"column":31}},"13":{"start":{"line":17,"column":4},"end":{"line":17,"column":46}},"14":{"start":{"line":20,"column":2},"end":{"line":20,"column":35}},"15":{"start":{"line":23,"column":0},"end":{"line":23,"column":30}}},"fnMap":{"0":{"name":"errorHandler","decl":{"start":{"line":1,"column":9},"end":{"line":1,"column":21}},"loc":{"start":{"line":1,"column":43},"end":{"line":21,"column":1}},"line":1}},"branchMap":{"0":{"loc":{"start":{"line":3,"column":12},"end":{"line":3,"column":48}},"type":"binary-expr","locations":[{"start":{"line":3,"column":12},"end":{"line":3,"column":20}},{"start":{"line":3,"column":24},"end":{"line":3,"column":48}}],"line":3},"1":{"loc":{"start":{"line":5,"column":2},"end":{"line":18,"column":3}},"type":"if","locations":[{"start":{"line":5,"column":2},"end":{"line":18,"column":3}},{"start":{"line":5,"column":2},"end":{"line":18,"column":3}}],"line":5},"2":{"loc":{"start":{"line":12,"column":9},"end":{"line":18,"column":3}},"type":"if","locations":[{"start":{"line":12,"column":9},"end":{"line":18,"column":3}},{"start":{"line":12,"column":9},"end":{"line":18,"column":3}}],"line":12},"3":{"loc":{"start":{"line":16,"column":13},"end":{"line":16,"column":30}},"type":"binary-expr","locations":[{"start":{"line":16,"column":13},"end":{"line":16,"column":23}},{"start":{"line":16,"column":27},"end":{"line":16,"column":30}}],"line":16},"4":{"loc":{"start":{"line":17,"column":10},"end":{"line":17,"column":45}},"type":"binary-expr","locations":[{"start":{"line":17,"column":10},"end":{"line":17,"column":17}},{"start":{"line":17,"column":21},"end":{"line":17,"column":45}}],"line":17}},"s":{"0":28,"1":28,"2":28,"3":9,"4":9,"5":9,"6":9,"7":24,"8":9,"9":19,"10":0,"11":0,"12":19,"13":19,"14":28,"15":5},"f":{"0":28},"b":{"0":[28,18],"1":[9,19],"2":[0,19],"3":[19,1],"4":[19,1]},"_coverageSchema":"1a1c01bbd47fc00a2c39e90264f33305004495a9","hash":"e6aaca98adb619deda2a7a87906214e17774c90a"}
,"H:\\Hacktiv8\\final_project\\server-all\\models\\doctor.js": {"path":"H:\\Hacktiv8\\final_project\\server-all\\models\\doctor.js","statementMap":{"0":{"start":{"line":2,"column":35},"end":{"line":2,"column":55}},"1":{"start":{"line":3,"column":0},"end":{"line":27,"column":2}},"2":{"start":{"line":12,"column":6},"end":{"line":12,"column":43}},"3":{"start":{"line":15,"column":2},"end":{"line":25,"column":4}},"4":{"start":{"line":26,"column":2},"end":{"line":26,"column":16}}},"fnMap":{"0":{"name":"(anonymous_0)","decl":{"start":{"line":3,"column":17},"end":{"line":3,"column":18}},"loc":{"start":{"line":3,"column":43},"end":{"line":27,"column":1}},"line":3},"1":{"name":"(anonymous_1)","decl":{"start":{"line":10,"column":4},"end":{"line":10,"column":5}},"loc":{"start":{"line":10,"column":29},"end":{"line":13,"column":5}},"line":10}},"branchMap":{},"s":{"0":5,"1":5,"2":5,"3":5,"4":5},"f":{"0":5,"1":5},"b":{},"_coverageSchema":"1a1c01bbd47fc00a2c39e90264f33305004495a9","hash":"af4429926e8620828302fccc67df14045c6e233b"}
,"H:\\Hacktiv8\\final_project\\server-all\\models\\hospital.js": {"path":"H:\\Hacktiv8\\final_project\\server-all\\models\\hospital.js","statementMap":{"0":{"start":{"line":2,"column":35},"end":{"line":2,"column":55}},"1":{"start":{"line":3,"column":0},"end":{"line":27,"column":2}},"2":{"start":{"line":12,"column":6},"end":{"line":12,"column":46}},"3":{"start":{"line":15,"column":2},"end":{"line":25,"column":4}},"4":{"start":{"line":26,"column":2},"end":{"line":26,"column":18}}},"fnMap":{"0":{"name":"(anonymous_0)","decl":{"start":{"line":3,"column":17},"end":{"line":3,"column":18}},"loc":{"start":{"line":3,"column":43},"end":{"line":27,"column":1}},"line":3},"1":{"name":"(anonymous_1)","decl":{"start":{"line":10,"column":4},"end":{"line":10,"column":5}},"loc":{"start":{"line":10,"column":29},"end":{"line":13,"column":5}},"line":10}},"branchMap":{},"s":{"0":5,"1":5,"2":5,"3":5,"4":5},"f":{"0":5,"1":5},"b":{},"_coverageSchema":"1a1c01bbd47fc00a2c39e90264f33305004495a9","hash":"3feb8dcb8723180467cdf162d652d4e96f777469"}
,"H:\\Hacktiv8\\final_project\\server-all\\models\\hospitalrecord.js": {"path":"H:\\Hacktiv8\\final_project\\server-all\\models\\hospitalrecord.js","statementMap":{"0":{"start":{"line":2,"column":35},"end":{"line":2,"column":55}},"1":{"start":{"line":3,"column":0},"end":{"line":65,"column":2}},"2":{"start":{"line":12,"column":6},"end":{"line":12,"column":48}},"3":{"start":{"line":13,"column":6},"end":{"line":13,"column":47}},"4":{"start":{"line":16,"column":2},"end":{"line":63,"column":4}},"5":{"start":{"line":64,"column":2},"end":{"line":64,"column":24}}},"fnMap":{"0":{"name":"(anonymous_0)","decl":{"start":{"line":3,"column":17},"end":{"line":3,"column":18}},"loc":{"start":{"line":3,"column":43},"end":{"line":65,"column":1}},"line":3},"1":{"name":"(anonymous_1)","decl":{"start":{"line":10,"column":4},"end":{"line":10,"column":5}},"loc":{"start":{"line":10,"column":29},"end":{"line":14,"column":5}},"line":10}},"branchMap":{},"s":{"0":5,"1":5,"2":5,"3":5,"4":5,"5":5},"f":{"0":5,"1":5},"b":{},"_coverageSchema":"1a1c01bbd47fc00a2c39e90264f33305004495a9","hash":"974e7e9316c50fcf58acc0668b2d30a24a7f4441"}
,"H:\\Hacktiv8\\final_project\\server-all\\models\\index.js": {"path":"H:\\Hacktiv8\\final_project\\server-all\\models\\index.js","statementMap":{"0":{"start":{"line":3,"column":11},"end":{"line":3,"column":24}},"1":{"start":{"line":4,"column":13},"end":{"line":4,"column":28}},"2":{"start":{"line":5,"column":18},"end":{"line":5,"column":38}},"3":{"start":{"line":6,"column":17},"end":{"line":6,"column":42}},"4":{"start":{"line":7,"column":12},"end":{"line":7,"column":49}},"5":{"start":{"line":8,"column":15},"end":{"line":8,"column":65}},"6":{"start":{"line":9,"column":11},"end":{"line":9,"column":13}},"7":{"start":{"line":12,"column":0},"end":{"line":16,"column":1}},"8":{"start":{"line":13,"column":2},"end":{"line":13,"column":74}},"9":{"start":{"line":15,"column":2},"end":{"line":15,"column":87}},"10":{"start":{"line":18,"column":0},"end":{"line":26,"column":5}},"11":{"start":{"line":21,"column":4},"end":{"line":21,"column":90}},"12":{"start":{"line":24,"column":18},"end":{"line":24,"column":85}},"13":{"start":{"line":25,"column":4},"end":{"line":25,"column":27}},"14":{"start":{"line":28,"column":0},"end":{"line":32,"column":3}},"15":{"start":{"line":29,"column":2},"end":{"line":31,"column":3}},"16":{"start":{"line":30,"column":4},"end":{"line":30,"column":32}},"17":{"start":{"line":34,"column":0},"end":{"line":34,"column":25}},"18":{"start":{"line":35,"column":0},"end":{"line":35,"column":25}},"19":{"start":{"line":37,"column":0},"end":{"line":37,"column":20}}},"fnMap":{"0":{"name":"(anonymous_0)","decl":{"start":{"line":20,"column":10},"end":{"line":20,"column":11}},"loc":{"start":{"line":20,"column":18},"end":{"line":22,"column":3}},"line":20},"1":{"name":"(anonymous_1)","decl":{"start":{"line":23,"column":11},"end":{"line":23,"column":12}},"loc":{"start":{"line":23,"column":19},"end":{"line":26,"column":3}},"line":23},"2":{"name":"(anonymous_2)","decl":{"start":{"line":28,"column":24},"end":{"line":28,"column":25}},"loc":{"start":{"line":28,"column":37},"end":{"line":32,"column":1}},"line":28}},"branchMap":{"0":{"loc":{"start":{"line":7,"column":12},"end":{"line":7,"column":49}},"type":"binary-expr","locations":[{"start":{"line":7,"column":12},"end":{"line":7,"column":32}},{"start":{"line":7,"column":36},"end":{"line":7,"column":49}}],"line":7},"1":{"loc":{"start":{"line":12,"column":0},"end":{"line":16,"column":1}},"type":"if","locations":[{"start":{"line":12,"column":0},"end":{"line":16,"column":1}},{"start":{"line":12,"column":0},"end":{"line":16,"column":1}}],"line":12},"2":{"loc":{"start":{"line":21,"column":11},"end":{"line":21,"column":89}},"type":"binary-expr","locations":[{"start":{"line":21,"column":12},"end":{"line":21,"column":35}},{"start":{"line":21,"column":41},"end":{"line":21,"column":58}},{"start":{"line":21,"column":64},"end":{"line":21,"column":88}}],"line":21},"3":{"loc":{"start":{"line":29,"column":2},"end":{"line":31,"column":3}},"type":"if","locations":[{"start":{"line":29,"column":2},"end":{"line":31,"column":3}},{"start":{"line":29,"column":2},"end":{"line":31,"column":3}}],"line":29}},"s":{"0":5,"1":5,"2":5,"3":5,"4":5,"5":5,"6":5,"7":5,"8":0,"9":5,"10":5,"11":30,"12":25,"13":25,"14":5,"15":25,"16":25,"17":5,"18":5,"19":5},"f":{"0":30,"1":25,"2":25},"b":{"0":[5,0],"1":[0,5],"2":[30,30,25],"3":[25,0]},"_coverageSchema":"1a1c01bbd47fc00a2c39e90264f33305004495a9","hash":"cbb6ac64d2a0cad193dae5c19165ac1490d9c997"}
,"H:\\Hacktiv8\\final_project\\server-all\\models\\medicalrecord.js": {"path":"H:\\Hacktiv8\\final_project\\server-all\\models\\medicalrecord.js","statementMap":{"0":{"start":{"line":2,"column":35},"end":{"line":2,"column":55}},"1":{"start":{"line":3,"column":0},"end":{"line":93,"column":2}},"2":{"start":{"line":12,"column":6},"end":{"line":12,"column":45}},"3":{"start":{"line":13,"column":6},"end":{"line":13,"column":46}},"4":{"start":{"line":16,"column":2},"end":{"line":91,"column":4}},"5":{"start":{"line":92,"column":2},"end":{"line":92,"column":23}}},"fnMap":{"0":{"name":"(anonymous_0)","decl":{"start":{"line":3,"column":17},"end":{"line":3,"column":18}},"loc":{"start":{"line":3,"column":43},"end":{"line":93,"column":1}},"line":3},"1":{"name":"(anonymous_1)","decl":{"start":{"line":10,"column":4},"end":{"line":10,"column":5}},"loc":{"start":{"line":10,"column":29},"end":{"line":14,"column":5}},"line":10}},"branchMap":{},"s":{"0":5,"1":5,"2":5,"3":5,"4":5,"5":5},"f":{"0":5,"1":5},"b":{},"_coverageSchema":"1a1c01bbd47fc00a2c39e90264f33305004495a9","hash":"3cad3c1e716bded06aa54253ce74639481cc7334"}
,"H:\\Hacktiv8\\final_project\\server-all\\models\\patient.js": {"path":"H:\\Hacktiv8\\final_project\\server-all\\models\\patient.js","statementMap":{"0":{"start":{"line":2,"column":35},"end":{"line":2,"column":55}},"1":{"start":{"line":3,"column":0},"end":{"line":48,"column":2}},"2":{"start":{"line":12,"column":6},"end":{"line":12,"column":44}},"3":{"start":{"line":13,"column":6},"end":{"line":13,"column":45}},"4":{"start":{"line":16,"column":2},"end":{"line":46,"column":4}},"5":{"start":{"line":47,"column":2},"end":{"line":47,"column":17}}},"fnMap":{"0":{"name":"(anonymous_0)","decl":{"start":{"line":3,"column":17},"end":{"line":3,"column":18}},"loc":{"start":{"line":3,"column":43},"end":{"line":48,"column":1}},"line":3},"1":{"name":"(anonymous_1)","decl":{"start":{"line":10,"column":4},"end":{"line":10,"column":5}},"loc":{"start":{"line":10,"column":29},"end":{"line":14,"column":5}},"line":10}},"branchMap":{},"s":{"0":5,"1":5,"2":5,"3":5,"4":5,"5":5},"f":{"0":5,"1":5},"b":{},"_coverageSchema":"1a1c01bbd47fc00a2c39e90264f33305004495a9","hash":"0ca4a43aa9cad782f831d2a70b45b0b507664327"}
,"H:\\Hacktiv8\\final_project\\server-all\\routers\\router.js": {"path":"H:\\Hacktiv8\\final_project\\server-all\\routers\\router.js","statementMap":{"0":{"start":{"line":1,"column":15},"end":{"line":1,"column":42}},"1":{"start":{"line":2,"column":21},"end":{"line":2,"column":46}},"2":{"start":{"line":3,"column":23},"end":{"line":3,"column":50}},"3":{"start":{"line":4,"column":22},"end":{"line":4,"column":48}},"4":{"start":{"line":5,"column":28},"end":{"line":5,"column":60}},"5":{"start":{"line":6,"column":29},"end":{"line":6,"column":62}},"6":{"start":{"line":9,"column":0},"end":{"line":9,"column":36}},"7":{"start":{"line":12,"column":0},"end":{"line":12,"column":40}},"8":{"start":{"line":15,"column":0},"end":{"line":15,"column":38}},"9":{"start":{"line":18,"column":0},"end":{"line":18,"column":51}},"10":{"start":{"line":21,"column":0},"end":{"line":21,"column":53}},"11":{"start":{"line":24,"column":0},"end":{"line":24,"column":24}}},"fnMap":{},"branchMap":{},"s":{"0":5,"1":5,"2":5,"3":5,"4":5,"5":5,"6":5,"7":5,"8":5,"9":5,"10":5,"11":5},"f":{},"b":{},"_coverageSchema":"1a1c01bbd47fc00a2c39e90264f33305004495a9","hash":"e8cea125345033b08969dd85fe556d37405fc842"}
,"H:\\Hacktiv8\\final_project\\server-all\\routers\\routerDoctor.js": {"path":"H:\\Hacktiv8\\final_project\\server-all\\routers\\routerDoctor.js","statementMap":{"0":{"start":{"line":1,"column":15},"end":{"line":1,"column":42}},"1":{"start":{"line":2,"column":25},"end":{"line":2,"column":67}},"2":{"start":{"line":3,"column":33},"end":{"line":3,"column":73}},"3":{"start":{"line":5,"column":0},"end":{"line":5,"column":47}},"4":{"start":{"line":7,"column":0},"end":{"line":7,"column":32}},"5":{"start":{"line":8,"column":0},"end":{"line":8,"column":53}},"6":{"start":{"line":11,"column":0},"end":{"line":11,"column":24}}},"fnMap":{},"branchMap":{},"s":{"0":5,"1":5,"2":5,"3":5,"4":5,"5":5,"6":5},"f":{},"b":{},"_coverageSchema":"1a1c01bbd47fc00a2c39e90264f33305004495a9","hash":"3839a65700293e5395d0927f732b24bad2d2d942"}
,"H:\\Hacktiv8\\final_project\\server-all\\routers\\routerHospital.js": {"path":"H:\\Hacktiv8\\final_project\\server-all\\routers\\routerHospital.js","statementMap":{"0":{"start":{"line":1,"column":15},"end":{"line":1,"column":42}},"1":{"start":{"line":2,"column":27},"end":{"line":2,"column":71}},"2":{"start":{"line":3,"column":35},"end":{"line":3,"column":75}},"3":{"start":{"line":5,"column":0},"end":{"line":5,"column":56}},"4":{"start":{"line":6,"column":0},"end":{"line":6,"column":79}},"5":{"start":{"line":7,"column":0},"end":{"line":7,"column":83}},"6":{"start":{"line":9,"column":0},"end":{"line":9,"column":24}}},"fnMap":{},"branchMap":{},"s":{"0":5,"1":5,"2":5,"3":5,"4":5,"5":5,"6":5},"f":{},"b":{},"_coverageSchema":"1a1c01bbd47fc00a2c39e90264f33305004495a9","hash":"4a3503454562d024e465ff2834a1e104e1e60279"}
,"H:\\Hacktiv8\\final_project\\server-all\\routers\\routerHospitalRecord.js": {"path":"H:\\Hacktiv8\\final_project\\server-all\\routers\\routerHospitalRecord.js","statementMap":{"0":{"start":{"line":1,"column":15},"end":{"line":1,"column":42}},"1":{"start":{"line":2,"column":33},"end":{"line":2,"column":83}},"2":{"start":{"line":3,"column":35},"end":{"line":3,"column":75}},"3":{"start":{"line":5,"column":0},"end":{"line":5,"column":85}},"4":{"start":{"line":6,"column":0},"end":{"line":6,"column":91}},"5":{"start":{"line":7,"column":0},"end":{"line":7,"column":92}},"6":{"start":{"line":9,"column":0},"end":{"line":9,"column":24}}},"fnMap":{},"branchMap":{},"s":{"0":5,"1":5,"2":5,"3":5,"4":5,"5":5,"6":5},"f":{},"b":{},"_coverageSchema":"1a1c01bbd47fc00a2c39e90264f33305004495a9","hash":"5db96754253ccc2d3cdd7d0e07a0a3f4aedd352b"}
,"H:\\Hacktiv8\\final_project\\server-all\\routers\\routerMedicalRecord.js": {"path":"H:\\Hacktiv8\\final_project\\server-all\\routers\\routerMedicalRecord.js","statementMap":{"0":{"start":{"line":1,"column":15},"end":{"line":1,"column":42}},"1":{"start":{"line":2,"column":32},"end":{"line":2,"column":81}},"2":{"start":{"line":3,"column":33},"end":{"line":3,"column":73}},"3":{"start":{"line":4,"column":35},"end":{"line":4,"column":74}},"4":{"start":{"line":6,"column":0},"end":{"line":6,"column":33}},"5":{"start":{"line":7,"column":0},"end":{"line":7,"column":59}},"6":{"start":{"line":8,"column":0},"end":{"line":8,"column":58}},"7":{"start":{"line":9,"column":0},"end":{"line":9,"column":90}},"8":{"start":{"line":10,"column":0},"end":{"line":10,"column":95}},"9":{"start":{"line":12,"column":0},"end":{"line":12,"column":24}}},"fnMap":{},"branchMap":{},"s":{"0":5,"1":5,"2":5,"3":5,"4":5,"5":5,"6":5,"7":5,"8":5,"9":5},"f":{},"b":{},"_coverageSchema":"1a1c01bbd47fc00a2c39e90264f33305004495a9","hash":"75d67fa111e6139e0e51d034785d10a88bc49a68"}
,"H:\\Hacktiv8\\final_project\\server-all\\routers\\routerPatient.js": {"path":"H:\\Hacktiv8\\final_project\\server-all\\routers\\routerPatient.js","statementMap":{"0":{"start":{"line":1,"column":15},"end":{"line":1,"column":42}},"1":{"start":{"line":2,"column":26},"end":{"line":2,"column":69}},"2":{"start":{"line":3,"column":34},"end":{"line":3,"column":74}},"3":{"start":{"line":5,"column":0},"end":{"line":5,"column":49}},"4":{"start":{"line":6,"column":0},"end":{"line":6,"column":69}},"5":{"start":{"line":8,"column":0},"end":{"line":8,"column":24}}},"fnMap":{},"branchMap":{},"s":{"0":5,"1":5,"2":5,"3":5,"4":5,"5":5},"f":{},"b":{},"_coverageSchema":"1a1c01bbd47fc00a2c39e90264f33305004495a9","hash":"879bf3714993f90607916fd07516110bcc8feaf8"}
}
