TN:
SF:app.js
FNF:0
FNH:0
DA:5,4
DA:6,4
DA:7,4
DA:8,4
DA:9,4
DA:10,4
DA:12,4
DA:13,4
DA:14,4
DA:16,4
DA:17,4
DA:29,4
LF:12
LH:12
BRDA:7,0,0,4
BRDA:7,0,1,4
BRF:2
BRH:2
end_of_record
TN:
SF:controllers\DoctorController.js
FN:6,(anonymous_0)
FN:33,(anonymous_1)
FNF:2
FNH:1
FNDA:4,(anonymous_0)
FNDA:0,(anonymous_1)
DA:1,4
DA:2,4
DA:3,4
DA:7,4
DA:8,4
DA:9,4
DA:13,4
DA:14,0
DA:15,0
DA:16,0
DA:17,0
DA:18,0
DA:20,0
DA:24,0
DA:29,4
DA:34,0
DA:35,0
DA:36,0
DA:38,0
DA:43,4
LF:20
LH:9
BRDA:15,0,0,0
BRDA:15,0,1,0
BRDA:17,1,0,0
BRDA:17,1,1,0
BRF:4
BRH:0
end_of_record
TN:
SF:controllers\HospitalController.js
FN:7,(anonymous_0)
FN:38,(anonymous_1)
FNF:2
FNH:1
FNDA:3,(anonymous_0)
FNDA:0,(anonymous_1)
DA:1,4
DA:2,4
DA:3,4
DA:8,3
DA:12,3
DA:13,3
DA:16,0
DA:17,0
DA:18,0
DA:19,0
DA:21,0
DA:26,0
DA:31,0
DA:34,3
DA:39,0
DA:40,0
DA:46,0
DA:47,0
DA:50,0
DA:56,4
LF:20
LH:8
BRDA:16,0,0,0
BRDA:16,0,1,0
BRDA:18,1,0,0
BRDA:18,1,1,0
BRF:4
BRH:0
end_of_record
TN:
SF:controllers\HospitalRecordController.js
FN:5,(anonymous_0)
FN:22,(anonymous_1)
FNF:2
FNH:0
FNDA:0,(anonymous_0)
FNDA:0,(anonymous_1)
DA:1,4
DA:7,0
DA:8,0
DA:9,0
DA:16,0
DA:18,0
DA:23,0
DA:24,0
DA:25,0
DA:30,0
DA:33,0
DA:38,4
LF:12
LH:2
BRF:0
BRH:0
end_of_record
TN:
SF:controllers\MedicalRecordController.js
FN:4,(anonymous_0)
FN:31,(anonymous_1)
FN:49,(anonymous_2)
FN:73,(anonymous_3)
FNF:4
FNH:0
FNDA:0,(anonymous_0)
FNDA:0,(anonymous_1)
FNDA:0,(anonymous_2)
FNDA:0,(anonymous_3)
DA:1,4
DA:5,0
DA:13,0
DA:14,0
DA:15,0
DA:24,0
DA:25,0
DA:27,0
DA:32,0
DA:33,0
DA:34,0
DA:35,0
DA:39,0
DA:40,0
DA:42,0
DA:45,0
DA:50,0
DA:51,0
DA:52,0
DA:53,0
DA:60,0
DA:67,0
DA:69,0
DA:74,0
DA:75,0
DA:76,0
DA:79,0
DA:83,0
DA:88,4
LF:29
LH:2
BRDA:39,0,0,0
BRDA:39,0,1,0
BRF:2
BRH:0
end_of_record
TN:
SF:controllers\PatientController.js
FN:6,(anonymous_0)
FN:30,(anonymous_1)
FNF:2
FNH:1
FNDA:4,(anonymous_0)
FNDA:0,(anonymous_1)
DA:1,4
DA:2,4
DA:7,4
DA:8,4
DA:9,4
DA:15,0
DA:16,0
DA:18,0
DA:23,0
DA:26,4
DA:31,0
DA:32,0
DA:33,0
DA:37,0
DA:39,0
DA:45,4
LF:16
LH:7
BRDA:15,0,0,0
BRDA:15,0,1,0
BRF:2
BRH:0
end_of_record
TN:
SF:helpers\bcrypt.js
FN:3,hashPassword
FN:9,comparePassword
FNF:2
FNH:1
FNDA:1,hashPassword
FNDA:0,comparePassword
DA:1,4
DA:4,1
DA:5,1
DA:6,1
DA:10,0
DA:13,4
LF:6
LH:5
BRF:0
BRH:0
end_of_record
TN:
SF:helpers\jwt.js
FN:3,signToken
FN:8,verifyToken
FNF:2
FNH:1
FNDA:0,signToken
FNDA:1,verifyToken
DA:1,4
DA:4,0
DA:5,0
DA:9,1
DA:10,0
DA:13,4
LF:6
LH:3
BRF:0
BRH:0
end_of_record
TN:
SF:middlewares\authentication.js
FN:4,authenticationDoctor
FN:25,authenticationHospital
FN:47,authenticationPatient
FNF:3
FNH:3
FNDA:2,authenticationDoctor
FNDA:7,authenticationHospital
FNDA:3,authenticationPatient
DA:1,4
DA:2,4
DA:5,2
DA:6,2
DA:7,2
DA:8,2
DA:10,0
DA:11,0
DA:12,0
DA:13,0
DA:14,0
DA:16,0
DA:17,0
DA:21,2
DA:26,7
DA:27,7
DA:28,7
DA:29,7
DA:30,7
DA:32,0
DA:33,0
DA:34,0
DA:35,0
DA:36,0
DA:38,0
DA:39,0
DA:43,7
DA:48,3
DA:49,3
DA:50,3
DA:51,2
DA:53,1
DA:54,0
DA:55,0
DA:56,0
DA:57,0
DA:58,0
DA:59,0
DA:61,0
DA:62,0
DA:63,0
DA:67,3
DA:71,4
LF:43
LH:20
BRDA:7,0,0,2
BRDA:7,0,1,0
BRDA:13,1,0,0
BRDA:13,1,1,0
BRDA:29,2,0,7
BRDA:29,2,1,0
BRDA:35,3,0,0
BRDA:35,3,1,0
BRDA:50,4,0,2
BRDA:50,4,1,1
BRDA:57,5,0,0
BRDA:57,5,1,0
BRF:12
BRH:4
end_of_record
TN:
SF:middlewares\authorization.js
FN:3,authorizationMedicalRecord
FNF:1
FNH:0
FNDA:0,authorizationMedicalRecord
DA:1,4
DA:4,0
DA:5,0
DA:6,0
DA:7,0
DA:8,0
DA:9,0
DA:10,0
DA:12,0
DA:15,0
DA:19,4
LF:11
LH:2
BRDA:7,0,0,0
BRDA:7,0,1,0
BRDA:9,1,0,0
BRDA:9,1,1,0
BRF:4
BRH:0
end_of_record
TN:
SF:middlewares\errorHandler.js
FN:1,errorHandler
FNF:1
FNH:1
FNDA:23,errorHandler
DA:2,23
DA:3,23
DA:5,23
DA:6,0
DA:7,0
DA:8,0
DA:9,0
DA:11,0
DA:12,23
DA:13,0
DA:14,0
DA:16,23
DA:17,23
DA:20,23
DA:23,4
LF:15
LH:8
BRDA:3,0,0,23
BRDA:3,0,1,11
BRDA:5,1,0,0
BRDA:5,1,1,23
BRDA:12,2,0,0
BRDA:12,2,1,23
BRDA:16,3,0,23
BRDA:16,3,1,12
BRDA:17,4,0,23
BRDA:17,4,1,12
BRF:10
BRH:8
end_of_record
TN:
SF:models\doctor.js
FN:3,(anonymous_0)
FN:10,(anonymous_1)
FNF:2
FNH:2
FNDA:4,(anonymous_0)
FNDA:4,(anonymous_1)
DA:2,4
DA:3,4
DA:12,4
DA:15,4
DA:26,4
LF:5
LH:5
BRF:0
BRH:0
end_of_record
TN:
SF:models\hospital.js
FN:3,(anonymous_0)
FN:10,(anonymous_1)
FNF:2
FNH:2
FNDA:4,(anonymous_0)
FNDA:4,(anonymous_1)
DA:2,4
DA:3,4
DA:12,4
DA:15,4
DA:26,4
LF:5
LH:5
BRF:0
BRH:0
end_of_record
TN:
SF:models\hospitalrecord.js
FN:3,(anonymous_0)
FN:10,(anonymous_1)
FNF:2
FNH:2
FNDA:4,(anonymous_0)
FNDA:4,(anonymous_1)
DA:2,4
DA:3,4
DA:12,4
DA:13,4
DA:16,4
DA:64,4
LF:6
LH:6
BRF:0
BRH:0
end_of_record
TN:
SF:models\index.js
FN:20,(anonymous_0)
FN:23,(anonymous_1)
FN:28,(anonymous_2)
FNF:3
FNH:3
FNDA:24,(anonymous_0)
FNDA:20,(anonymous_1)
FNDA:20,(anonymous_2)
DA:3,4
DA:4,4
DA:5,4
DA:6,4
DA:7,4
DA:8,4
DA:9,4
DA:12,4
DA:13,0
DA:15,4
DA:18,4
DA:21,24
DA:24,20
DA:25,20
DA:28,4
DA:29,20
DA:30,20
DA:34,4
DA:35,4
DA:37,4
LF:20
LH:19
BRDA:7,0,0,4
BRDA:7,0,1,0
BRDA:12,1,0,0
BRDA:12,1,1,4
BRDA:21,2,0,24
BRDA:21,2,1,24
BRDA:21,2,2,20
BRDA:29,3,0,20
BRDA:29,3,1,0
BRF:9
BRH:6
end_of_record
TN:
SF:models\medicalrecord.js
FN:3,(anonymous_0)
FN:10,(anonymous_1)
FNF:2
FNH:2
FNDA:4,(anonymous_0)
FNDA:4,(anonymous_1)
DA:2,4
DA:3,4
DA:12,4
DA:13,4
DA:16,4
DA:92,4
LF:6
LH:6
BRF:0
BRH:0
end_of_record
TN:
SF:models\patient.js
FN:3,(anonymous_0)
FN:10,(anonymous_1)
FNF:2
FNH:2
FNDA:4,(anonymous_0)
FNDA:4,(anonymous_1)
DA:2,4
DA:3,4
DA:12,4
DA:13,4
DA:16,4
DA:47,4
LF:6
LH:6
BRF:0
BRH:0
end_of_record
TN:
SF:routers\router.js
FNF:0
FNH:0
DA:1,4
DA:2,4
DA:3,4
DA:4,4
DA:5,4
DA:6,4
DA:9,4
DA:12,4
DA:15,4
DA:18,4
DA:21,4
DA:24,4
LF:12
LH:12
BRF:0
BRH:0
end_of_record
TN:
SF:routers\routerDoctor.js
FNF:0
FNH:0
DA:1,4
DA:2,4
DA:3,4
DA:5,4
DA:7,4
DA:8,4
DA:11,4
LF:7
LH:7
BRF:0
BRH:0
end_of_record
TN:
SF:routers\routerHospital.js
FNF:0
FNH:0
DA:1,4
DA:2,4
DA:3,4
DA:5,4
DA:6,4
DA:9,4
LF:6
LH:6
BRF:0
BRH:0
end_of_record
TN:
SF:routers\routerHospitalRecord.js
FNF:0
FNH:0
DA:1,4
DA:2,4
DA:3,4
DA:5,4
DA:6,4
DA:8,4
LF:6
LH:6
BRF:0
BRH:0
end_of_record
TN:
SF:routers\routerMedicalRecord.js
FNF:0
FNH:0
DA:1,4
DA:2,4
DA:3,4
DA:4,4
DA:6,4
DA:7,4
DA:8,4
DA:9,4
DA:10,4
DA:12,4
LF:10
LH:10
BRF:0
BRH:0
end_of_record
TN:
SF:routers\routerPatient.js
FNF:0
FNH:0
DA:1,4
DA:2,4
DA:3,4
DA:5,4
DA:6,4
DA:8,4
LF:6
LH:6
BRF:0
BRH:0
end_of_record
